<?xml version="1.0" encoding="utf-8"?><testsuites name="pytest tests"><testsuite name="pytest" errors="0" failures="0" skipped="0" tests="14" time="4.953" timestamp="2026-02-24T19:39:40.076327+00:00" hostname="agent-env-10088296-cf05-47bb-926e-1dfb3f9fed87"><testcase classname="backend.tests.test_live_shopify_api.TestShopifyStatus" name="test_shopify_connected" time="0.541" /><testcase classname="backend.tests.test_live_shopify_api.TestLiveProducts" name="test_live_products_endpoint" time="0.334" /><testcase classname="backend.tests.test_live_shopify_api.TestLiveProducts" name="test_live_products_has_timestamp" time="0.323" /><testcase classname="backend.tests.test_live_shopify_api.TestLiveDrops" name="test_live_drops_endpoint" time="0.315" /><testcase classname="backend.tests.test_live_shopify_api.TestLiveDrops" name="test_drop_unlock_logic" time="0.304" /><testcase classname="backend.tests.test_live_shopify_api.TestLiveBasics" name="test_live_basics_endpoint" time="0.303" /><testcase classname="backend.tests.test_live_shopify_api.TestLiveSingleProduct" name="test_live_product_not_found" time="0.320" /><testcase classname="backend.tests.test_live_shopify_api.TestLiveSingleProduct" name="test_live_product_structure_if_exists" time="0.310" /><testcase classname="backend.tests.test_live_shopify_api.TestShopifyCheckout" name="test_create_checkout_url" time="0.096" /><testcase classname="backend.tests.test_live_shopify_api.TestShopifyCheckout" name="test_checkout_multiple_quantity" time="0.134" /><testcase classname="backend.tests.test_live_shopify_api.TestProductVariantStructure" name="test_variant_fields" time="0.311" /><testcase classname="backend.tests.test_live_shopify_api.TestProductVariantStructure" name="test_product_inventory_fields" time="0.308" /><testcase classname="backend.tests.test_live_shopify_api.TestEmptyStateHandling" name="test_empty_products_message" time="0.313" /><testcase classname="backend.tests.test_live_shopify_api.TestEmptyStateHandling" name="test_all_endpoints_return_200_even_empty" time="0.924" /></testsuite></testsuites>