<?xml version="1.0" encoding="utf-8"?><testsuites name="pytest tests"><testsuite name="pytest" errors="0" failures="0" skipped="0" tests="18" time="9.108" timestamp="2026-02-24T04:29:20.119495+00:00" hostname="agent-env-10088296-cf05-47bb-926e-1dfb3f9fed87"><testcase classname="backend.tests.test_ookei_api.TestAPIHealth" name="test_api_root" time="0.585" /><testcase classname="backend.tests.test_ookei_api.TestProductsEndpoint" name="test_get_all_products_returns_6" time="0.400" /><testcase classname="backend.tests.test_ookei_api.TestProductsEndpoint" name="test_products_contain_drops_and_basics" time="0.393" /><testcase classname="backend.tests.test_ookei_api.TestProductsEndpoint" name="test_drop_prices_are_299" time="0.523" /><testcase classname="backend.tests.test_ookei_api.TestProductsEndpoint" name="test_basic_price_is_420" time="0.396" /><testcase classname="backend.tests.test_ookei_api.TestDropsEndpoint" name="test_drops_returns_only_5_drops" time="0.408" /><testcase classname="backend.tests.test_ookei_api.TestDropsEndpoint" name="test_drops_excludes_basics" time="0.424" /><testcase classname="backend.tests.test_ookei_api.TestDropsEndpoint" name="test_drop_001_is_unlocked" time="0.414" /><testcase classname="backend.tests.test_ookei_api.TestDropsEndpoint" name="test_drops_002_to_005_are_locked" time="0.416" /><testcase classname="backend.tests.test_ookei_api.TestDropsEndpoint" name="test_drops_have_150_units" time="0.438" /><testcase classname="backend.tests.test_ookei_api.TestBasicsEndpoint" name="test_basics_returns_only_1_basic" time="0.418" /><testcase classname="backend.tests.test_ookei_api.TestBasicsEndpoint" name="test_basics_excludes_drops" time="0.414" /><testcase classname="backend.tests.test_ookei_api.TestBasicsEndpoint" name="test_basic_hoodie_properties" time="0.421" /><testcase classname="backend.tests.test_ookei_api.TestBasicsEndpoint" name="test_basic_hoodie_has_4_color_variants" time="0.436" /><testcase classname="backend.tests.test_ookei_api.TestProductDetailEndpoints" name="test_hoodie_product_detail" time="0.402" /><testcase classname="backend.tests.test_ookei_api.TestProductDetailEndpoints" name="test_drop_001_product_detail" time="0.399" /><testcase classname="backend.tests.test_ookei_api.TestProductDetailEndpoints" name="test_invalid_product_returns_404" time="0.406" /><testcase classname="backend.tests.test_ookei_api.TestCartEndpoints" name="test_add_basic_hoodie_to_cart" time="1.634" /></testsuite></testsuites>