<?xml version="1.0" encoding="utf-8"?><testsuites name="pytest tests"><testsuite name="pytest" errors="0" failures="0" skipped="0" tests="14" time="2.848" timestamp="2026-02-24T19:20:30.848585+00:00" hostname="agent-env-10088296-cf05-47bb-926e-1dfb3f9fed87"><testcase classname="backend.tests.test_shopify_integration.TestShopifyStatus" name="test_shopify_status_connected" time="0.613" /><testcase classname="backend.tests.test_shopify_integration.TestShopifyProducts" name="test_shopify_products_returns_list" time="0.413" /><testcase classname="backend.tests.test_shopify_integration.TestShopifyCheckout" name="test_shopify_checkout_creates_url" time="0.092" /><testcase classname="backend.tests.test_shopify_integration.TestShopifyCheckout" name="test_shopify_checkout_with_numeric_variant" time="0.104" /><testcase classname="backend.tests.test_shopify_integration.TestLinkShopifyVariant" name="test_link_shopify_variant_success" time="0.094" /><testcase classname="backend.tests.test_shopify_integration.TestLinkShopifyVariant" name="test_link_shopify_variant_invalid_product" time="0.099" /><testcase classname="backend.tests.test_shopify_integration.TestProductVariants" name="test_get_product_variants" time="0.091" /><testcase classname="backend.tests.test_shopify_integration.TestProductVariants" name="test_get_product_variants_invalid_slug" time="0.079" /><testcase classname="backend.tests.test_shopify_integration.TestCartCheckout" name="test_cart_checkout_without_shopify_variants" time="0.364" /><testcase classname="backend.tests.test_shopify_integration.TestCartCheckout" name="test_checkout_empty_cart" time="0.163" /><testcase classname="backend.tests.test_shopify_integration.TestExistingOOKEIFeatures" name="test_drops_page_still_works" time="0.077" /><testcase classname="backend.tests.test_shopify_integration.TestExistingOOKEIFeatures" name="test_basics_page_still_works" time="0.075" /><testcase classname="backend.tests.test_shopify_integration.TestExistingOOKEIFeatures" name="test_products_endpoint_still_works" time="0.109" /><testcase classname="backend.tests.test_shopify_integration.TestExistingOOKEIFeatures" name="test_cart_add_still_works" time="0.351" /></testsuite></testsuites>